[debug] [2021-08-04T11:10:23.369Z] ----------------------------------------------------------------------
[debug] [2021-08-04T11:10:23.374Z] Command:       C:\Program Files\nodejs\node.exe C:\Users\Lucho\AppData\Roaming\npm\node_modules\firebase-tools\lib\bin\firebase.js emulators:start
[debug] [2021-08-04T11:10:23.375Z] CLI Version:   9.12.0
[debug] [2021-08-04T11:10:23.375Z] Platform:      win32
[debug] [2021-08-04T11:10:23.375Z] Node Version:  v14.17.0
[debug] [2021-08-04T11:10:23.378Z] Time:          Wed Aug 04 2021 08:10:23 GMT-0300 (hora estándar de Argentina)
[debug] [2021-08-04T11:10:23.378Z] ----------------------------------------------------------------------
[debug] 
[debug] [2021-08-04T11:10:23.402Z] > command requires scopes: ["email","openid","https://www.googleapis.com/auth/cloudplatformprojects.readonly","https://www.googleapis.com/auth/firebase","https://www.googleapis.com/auth/cloud-platform"]
[debug] [2021-08-04T11:10:23.403Z] > authorizing via signed-in user (sebas3277xd@gmail.com)
[info] i  emulators: Starting emulators: auth, database, storage {"metadata":{"emulator":{"name":"hub"},"message":"Starting emulators: auth, database, storage"}}
[debug] [2021-08-04T11:10:24.645Z] [hub] writing locator at C:\Users\Lucho\AppData\Local\Temp\hub-cuaderno-comunicaciones.json
[debug] [2021-08-04T11:10:25.801Z] > refreshing access token with scopes: []
[debug] [2021-08-04T11:10:25.802Z] >>> HTTP REQUEST POST https://www.googleapis.com/oauth2/v3/token  
 <request body omitted>
[debug] [2021-08-04T11:10:26.006Z] <<< HTTP RESPONSE 200 {"date":"Wed, 04 Aug 2021 11:10:24 GMT","expires":"Mon, 01 Jan 1990 00:00:00 GMT","cache-control":"no-cache, no-store, max-age=0, must-revalidate","pragma":"no-cache","content-type":"application/json; charset=utf-8","vary":"X-Origin, Referer, Origin,Accept-Encoding","server":"scaffolding on HTTPServer2","x-xss-protection":"0","x-frame-options":"SAMEORIGIN","x-content-type-options":"nosniff","alt-svc":"h3=\":443\"; ma=2592000,h3-29=\":443\"; ma=2592000,h3-T051=\":443\"; ma=2592000,h3-Q050=\":443\"; ma=2592000,h3-Q046=\":443\"; ma=2592000,h3-Q043=\":443\"; ma=2592000,quic=\":443\"; ma=2592000; v=\"46,43\"","accept-ranges":"none","transfer-encoding":"chunked"}
[debug] [2021-08-04T11:10:26.785Z] >>> [apiv2][query] GET https://firebase.googleapis.com/v1beta1/projects/cuaderno-comunicaciones [none]
[debug] [2021-08-04T11:10:27.857Z] <<< [apiv2][status] GET https://firebase.googleapis.com/v1beta1/projects/cuaderno-comunicaciones 200
[debug] [2021-08-04T11:10:27.858Z] <<< [apiv2][body] GET https://firebase.googleapis.com/v1beta1/projects/cuaderno-comunicaciones {"projectId":"cuaderno-comunicaciones","projectNumber":"153672834962","displayName":"Cuaderno de Notificaciones","name":"projects/cuaderno-comunicaciones","resources":{"hostingSite":"cuaderno-comunicaciones","realtimeDatabaseInstance":"cuaderno-comunicaciones-default-rtdb","storageBucket":"cuaderno-comunicaciones.appspot.com","locationId":"us-central"},"state":"ACTIVE"}
[debug] [2021-08-04T11:10:27.859Z] database rules config:  [{"instance":"cuaderno-comunicaciones-default-rtdb","rules":"C:\\Users\\Lucho\\Desktop\\cuaderno-notificacionesa\\database.rules.json"}]
[info] i  database: downloading firebase-database-emulator-v4.7.2.jar... {"metadata":{"emulator":{"name":"database"},"message":"downloading firebase-database-emulator-v4.7.2.jar..."}}
[debug] [2021-08-04T11:10:27.971Z] >>> [apiv2][query] GET https://storage.googleapis.com/firebase-preview-drop/emulator/firebase-database-emulator-v4.7.2.jar 
[debug] [2021-08-04T11:10:28.785Z] <<< [apiv2][status] GET https://storage.googleapis.com/firebase-preview-drop/emulator/firebase-database-emulator-v4.7.2.jar 200
[debug] [2021-08-04T11:10:28.786Z] <<< [apiv2][body] GET https://storage.googleapis.com/firebase-preview-drop/emulator/firebase-database-emulator-v4.7.2.jar [stream]
[debug] [2021-08-04T11:10:44.579Z] Ignoring unsupported arg: projectId {"metadata":{"emulator":{"name":"database"},"message":"Ignoring unsupported arg: projectId"}}
[debug] [2021-08-04T11:10:44.580Z] Ignoring unsupported arg: auto_download {"metadata":{"emulator":{"name":"database"},"message":"Ignoring unsupported arg: auto_download"}}
[debug] [2021-08-04T11:10:44.581Z] Ignoring unsupported arg: rules {"metadata":{"emulator":{"name":"database"},"message":"Ignoring unsupported arg: rules"}}
[debug] [2021-08-04T11:10:44.581Z] Starting Database Emulator with command {"binary":"java","args":["-Duser.language=en","-jar","C:\\Users\\Lucho\\.cache\\firebase\\emulators\\firebase-database-emulator-v4.7.2.jar","--host","localhost","--port",9000],"optionalArgs":["port","host","functions_emulator_port","functions_emulator_host"],"joinArgs":false} {"metadata":{"emulator":{"name":"database"},"message":"Starting Database Emulator with command {\"binary\":\"java\",\"args\":[\"-Duser.language=en\",\"-jar\",\"C:\\\\Users\\\\Lucho\\\\.cache\\\\firebase\\\\emulators\\\\firebase-database-emulator-v4.7.2.jar\",\"--host\",\"localhost\",\"--port\",9000],\"optionalArgs\":[\"port\",\"host\",\"functions_emulator_port\",\"functions_emulator_host\"],\"joinArgs\":false}"}}
[info] i  database: Database Emulator logging to database-debug.log {"metadata":{"emulator":{"name":"database"},"message":"Database Emulator logging to \u001b[1mdatabase-debug.log\u001b[22m"}}
[debug] [2021-08-04T11:10:52.785Z] 08:10:52.777 [NamespaceSystem-akka.actor.default-dispatcher-6] INFO akka.event.slf4j.Slf4jLogger - Slf4jLogger started
 {"metadata":{"emulator":{"name":"database"},"message":"08:10:52.777 [NamespaceSystem-akka.actor.default-dispatcher-6] INFO akka.event.slf4j.Slf4jLogger - Slf4jLogger started\r\n"}}
[debug] [2021-08-04T11:10:53.239Z] 08:10:53.241 [main] INFO com.firebase.server.forge.App$ - Listening at localhost:9000
 {"metadata":{"emulator":{"name":"database"},"message":"08:10:53.241 [main] INFO com.firebase.server.forge.App$ - Listening at localhost:9000\r\n"}}
[info] i  storage: downloading cloud-storage-rules-runtime-v1.0.0.jar... {"metadata":{"emulator":{"name":"storage"},"message":"downloading cloud-storage-rules-runtime-v1.0.0.jar..."}}
[debug] [2021-08-04T11:11:04.034Z] >>> [apiv2][query] GET https://storage.googleapis.com/firebase-preview-drop/emulator/cloud-storage-rules-runtime-v1.0.0.jar 
[debug] [2021-08-04T11:11:04.961Z] <<< [apiv2][status] GET https://storage.googleapis.com/firebase-preview-drop/emulator/cloud-storage-rules-runtime-v1.0.0.jar 200
[debug] [2021-08-04T11:11:04.961Z] <<< [apiv2][body] GET https://storage.googleapis.com/firebase-preview-drop/emulator/cloud-storage-rules-runtime-v1.0.0.jar [stream]
[debug] [2021-08-04T11:11:21.946Z] Ignoring unsupported arg: port {"metadata":{"emulator":{"name":"storage"},"message":"Ignoring unsupported arg: port"}}
[debug] [2021-08-04T11:11:22.363Z] Temp file directory for storage emulator: C:\Users\Lucho\AppData\Local\Temp/firebase/storage/blobs {"metadata":{"emulator":{"name":"storage"},"message":"Temp file directory for storage emulator: C:\\Users\\Lucho\\AppData\\Local\\Temp/firebase/storage/blobs"}}
[info] i  ui: downloading ui-v1.5.0.zip... {"metadata":{"emulator":{"name":"ui"},"message":"downloading ui-v1.5.0.zip..."}}
[debug] [2021-08-04T11:11:26.602Z] >>> [apiv2][query] GET https://storage.googleapis.com/firebase-preview-drop/emulator/ui-v1.5.0.zip 
[debug] [2021-08-04T11:11:26.955Z] <<< [apiv2][status] GET https://storage.googleapis.com/firebase-preview-drop/emulator/ui-v1.5.0.zip 200
[debug] [2021-08-04T11:11:26.956Z] <<< [apiv2][body] GET https://storage.googleapis.com/firebase-preview-drop/emulator/ui-v1.5.0.zip [stream]
[debug] [2021-08-04T11:11:30.443Z] Ignoring unsupported arg: auto_download {"metadata":{"emulator":{"name":"ui"},"message":"Ignoring unsupported arg: auto_download"}}
[debug] [2021-08-04T11:11:30.444Z] Ignoring unsupported arg: port {"metadata":{"emulator":{"name":"ui"},"message":"Ignoring unsupported arg: port"}}
[debug] [2021-08-04T11:11:30.444Z] Starting Emulator UI with command {"binary":"node","args":["C:\\Users\\Lucho\\.cache\\firebase\\emulators\\ui-v1.5.0\\server.bundle.js"],"optionalArgs":[],"joinArgs":false} {"metadata":{"emulator":{"name":"ui"},"message":"Starting Emulator UI with command {\"binary\":\"node\",\"args\":[\"C:\\\\Users\\\\Lucho\\\\.cache\\\\firebase\\\\emulators\\\\ui-v1.5.0\\\\server.bundle.js\"],\"optionalArgs\":[],\"joinArgs\":false}"}}
[info] i  ui: Emulator UI logging to ui-debug.log {"metadata":{"emulator":{"name":"ui"},"message":"Emulator UI logging to \u001b[1mui-debug.log\u001b[22m"}}
[debug] [2021-08-04T11:11:30.683Z] Web / API server started at http://localhost:4000
 {"metadata":{"emulator":{"name":"ui"},"message":"Web / API server started at http://localhost:4000\n"}}
[debug] [2021-08-04T11:11:31.126Z] >>> HTTP REQUEST PUT http://localhost:9000/.settings/rules.json?ns=cuaderno-comunicaciones-default-rtdb  
 {
  "rules": {
    ".read": "true",  // 2021-6-17
    ".write": "true",  // 2021-6-17
  }
}
[debug] [2021-08-04T11:11:32.418Z] <<< HTTP RESPONSE 200 {"content-length":"15","content-type":"application/json; charset=utf-8","access-control-allow-origin":"*","cache-control":"no-cache","x-firebase-project-id":"cuaderno-comunicaciones-default-rtdb","x-firebase-project-number":"123456789","x-firebase-uuid":"953b012f-504b-4daa-9f99-077b871eb8b4"}
[info] 
┌─────────────────────────────────────────────────────────────┐
│ ✔  All emulators ready! It is now safe to connect your app. │
│ i  View Emulator UI at http://localhost:4000                │
└─────────────────────────────────────────────────────────────┘

┌────────────────┬────────────────┬────────────────────────────────┐
│ Emulator       │ Host:Port      │ View in Emulator UI            │
├────────────────┼────────────────┼────────────────────────────────┤
│ Authentication │ localhost:9099 │ http://localhost:4000/auth     │
├────────────────┼────────────────┼────────────────────────────────┤
│ Database       │ localhost:9000 │ http://localhost:4000/database │
├────────────────┼────────────────┼────────────────────────────────┤
│ Storage        │ localhost:9199 │ http://localhost:4000/storage  │
└────────────────┴────────────────┴────────────────────────────────┘
  Emulator Hub running at localhost:4400
  Other reserved ports: 4500

Issues? Report them at https://github.com/firebase/firebase-tools/issues and attach the *-debug.log files.
 
